<?xml version="1.0" encoding="UTF-8"?>
<!-- Generated by org.testng.reporters.JUnitReportReporter -->
<testsuite skipped="0" hostname="DESKTOP-JUVN070" name="log4j.Log4J" tests="2" failures="0" timestamp="2022-05-11T08:38:15 CDT" time="5.656" errors="0">
  <testcase name="techfiosTitleTest" time="2.367" classname="log4j.Log4J"/>
  <system-out/>
  <testcase name="techfiosLogoTest" time="3.289" classname="log4j.Log4J"/>
  <system-out/>
</testsuite> <!-- log4j.Log4J -->
